<?xml version="1.0" encoding="utf-8"?><testsuites name="pytest tests"><testsuite name="pytest" errors="0" failures="0" skipped="0" tests="139" time="0.600" timestamp="2026-04-14T06:25:57.312203+08:00" hostname="MacBook"><testcase classname="tests.api.test_projects_drafts.TestProjectsList" name="test_list_projects_empty" time="0.093" /><testcase classname="tests.api.test_projects_drafts.TestProjectsList" name="test_list_projects_with_data" time="0.064" /><testcase classname="tests.api.test_projects_drafts.TestProjectDetail" name="test_get_project_detail" time="0.031" /><testcase classname="tests.api.test_projects_drafts.TestProjectDetail" name="test_get_project_not_found" time="0.015" /><testcase classname="tests.api.test_projects_drafts.TestDraftsList" name="test_list_drafts_empty" time="0.015" /><testcase classname="tests.api.test_projects_drafts.TestDraftsList" name="test_list_drafts_with_data" time="0.017" /><testcase classname="tests.api.test_projects_drafts.TestDraftDetail" name="test_get_draft_with_variants" time="0.021" /><testcase classname="tests.api.test_projects_drafts.TestDraftDetail" name="test_get_draft_not_found" time="0.011" /><testcase classname="tests.api.test_projects_drafts.TestNoAutoSendBoundary" name="test_no_send_endpoint_exists" time="0.014" /><testcase classname="tests.api.test_smoke" name="test_backend_starts" time="0.008" /><testcase classname="tests.api.test_smoke" name="test_database_connectivity" time="0.009" /><testcase classname="tests.api.test_smoke" name="test_database_session_works" time="0.023" /><testcase classname="tests.api.test_smoke" name="test_local_first_defaults_resolve" time="0.000" /><testcase classname="tests.api.test_smoke" name="test_backend_package_structure_exists" time="0.000" /><testcase classname="tests.integration.test_connector_framework.TestProviderBoundaryIsolation" name="test_all_connectors_inherit_from_base" time="0.000" /><testcase classname="tests.integration.test_connector_framework.TestProviderBoundaryIsolation" name="test_connectors_expose_provider_type" time="0.000" /><testcase classname="tests.integration.test_connector_framework.TestProviderBoundaryIsolation" name="test_connectors_expose_connector_type" time="0.000" /><testcase classname="tests.integration.test_connector_framework.TestProviderBoundaryIsolation" name="test_connectors_expose_supported_profile_types" time="0.000" /><testcase classname="tests.integration.test_connector_framework.TestProviderBoundaryIsolation" name="test_provider_directories_are_separate" time="0.000" /><testcase classname="tests.integration.test_connector_framework.TestProviderBoundaryIsolation" name="test_contracts_are_framework_level_not_provider_specific" time="0.000" /><testcase classname="tests.integration.test_connector_framework.TestProviderBoundaryIsolation" name="test_base_connector_abc_has_required_interface" time="0.000" /><testcase classname="tests.integration.test_connector_framework.TestReadFirstNoAutoSend" name="test_base_connector_has_no_send_methods" time="0.000" /><testcase classname="tests.integration.test_connector_framework.TestReadFirstNoAutoSend" name="test_connectors_have_no_send_methods" time="0.000" /><testcase classname="tests.integration.test_connector_framework.TestReadFirstNoAutoSend" name="test_fetch_result_is_read_only_shape" time="0.000" /><testcase classname="tests.integration.test_connector_gmail.TestGmailNormalization" name="test_message_preserves_gmail_message_id" time="0.000" /><testcase classname="tests.integration.test_connector_gmail.TestGmailNormalization" name="test_message_preserves_thread_id" time="0.000" /><testcase classname="tests.integration.test_connector_gmail.TestGmailNormalization" name="test_message_source_type_is_gmail" time="0.000" /><testcase classname="tests.integration.test_connector_gmail.TestGmailNormalization" name="test_message_preserves_subject" time="0.000" /><testcase classname="tests.integration.test_connector_gmail.TestGmailNormalization" name="test_message_preserves_sender" time="0.000" /><testcase classname="tests.integration.test_connector_gmail.TestGmailNormalization" name="test_message_preserves_recipients" time="0.000" /><testcase classname="tests.integration.test_connector_gmail.TestGmailNormalization" name="test_message_extracts_body_text" time="0.000" /><testcase classname="tests.integration.test_connector_gmail.TestGmailNormalization" name="test_message_preserves_account_label_in_metadata" time="0.000" /><testcase classname="tests.integration.test_connector_gmail.TestGmailNormalization" name="test_message_preserves_gmail_labels" time="0.000" /><testcase classname="tests.integration.test_connector_gmail.TestGmailNormalization" name="test_message_parses_received_at" time="0.000" /><testcase classname="tests.integration.test_connector_gmail.TestGmailNormalization" name="test_thread_preserves_thread_id" time="0.000" /><testcase classname="tests.integration.test_connector_gmail.TestGmailNormalization" name="test_thread_source_type_is_gmail" time="0.000" /><testcase classname="tests.integration.test_connector_gmail.TestGmailNormalization" name="test_thread_derives_subject" time="0.000" /><testcase classname="tests.integration.test_connector_gmail.TestGmailNormalization" name="test_thread_collects_participants" time="0.000" /><testcase classname="tests.integration.test_connector_gmail.TestGmailNormalization" name="test_thread_has_last_activity" time="0.000" /><testcase classname="tests.integration.test_cross_surface_handoff.TestVoiceHandoff" name="test_handoff_creates_artifact" time="0.006" /><testcase classname="tests.integration.test_cross_surface_handoff.TestVoiceHandoff" name="test_handoff_preserves_context" time="0.001" /><testcase classname="tests.integration.test_cross_surface_handoff.TestVoiceHandoff" name="test_handoff_updates_channel_session" time="0.002" /><testcase classname="tests.integration.test_cross_surface_handoff.TestVoiceHandoff" name="test_handoff_to_dict_serializable" time="0.001" /><testcase classname="tests.integration.test_cross_surface_handoff.TestTelegramHandoff" name="test_telegram_handoff_creates_artifact" time="0.003" /><testcase classname="tests.integration.test_cross_surface_handoff.TestTelegramHandoff" name="test_telegram_handoff_preserves_context" time="0.001" /><testcase classname="tests.integration.test_cross_surface_handoff.TestTelegramHandoff" name="test_telegram_handoff_updates_channel_session" time="0.002" /><testcase classname="tests.integration.test_cross_surface_handoff.TestPendingHandoffs" name="test_pending_handoffs_empty" time="0.001" /><testcase classname="tests.integration.test_cross_surface_handoff.TestPendingHandoffs" name="test_pending_handoffs_returns_voice_handoff" time="0.002" /><testcase classname="tests.integration.test_cross_surface_handoff.TestPendingHandoffs" name="test_pending_handoffs_returns_telegram_handoff" time="0.002" /><testcase classname="tests.integration.test_cross_surface_handoff.TestPendingHandoffs" name="test_pending_handoffs_mixed_channels" time="0.002" /><testcase classname="tests.integration.test_cross_surface_handoff.TestSafetyParity" name="test_auto_send_blocked_verification_passes" time="0.000" /><testcase classname="tests.integration.test_cross_surface_handoff.TestSafetyParity" name="test_auto_send_blocked_verification_fails_when_missing" time="0.000" /><testcase classname="tests.integration.test_cross_surface_handoff.TestSafetyParity" name="test_auto_send_blocked_verification_fails_when_false" time="0.000" /><testcase classname="tests.integration.test_cross_surface_handoff.TestSafetyParity" name="test_review_gate_preserved_when_path_exists" time="0.000" /><testcase classname="tests.integration.test_cross_surface_handoff.TestSafetyParity" name="test_review_gate_fails_when_no_path" time="0.000" /><testcase classname="tests.integration.test_cross_surface_handoff.TestSafetyParity" name="test_review_gate_ok_when_no_review_needed" time="0.000" /><testcase classname="tests.integration.test_cross_surface_handoff.TestSafetyParity" name="test_voice_handoff_always_blocks_auto_send" time="0.001" /><testcase classname="tests.integration.test_cross_surface_handoff.TestSafetyParity" name="test_telegram_handoff_always_blocks_auto_send" time="0.001" /><testcase classname="tests.integration.test_cross_surface_handoff.TestSafetyParity" name="test_all_handoff_records_block_auto_send" time="0.002" /><testcase classname="tests.integration.test_data_integrity_pack.TestSourceLayerDistinctness" name="test_message_and_thread_remain_separate" time="0.004" /><testcase classname="tests.integration.test_data_integrity_pack.TestSourceLayerDistinctness" name="test_event_is_distinct_from_message" time="0.002" /><testcase classname="tests.integration.test_data_integrity_pack.TestSourceLayerDistinctness" name="test_signal_preserves_origin_channel" time="0.001" /><testcase classname="tests.integration.test_data_integrity_pack.TestAcceptedStatePromotion" name="test_classification_retains_review_state" time="0.003" /><testcase classname="tests.integration.test_data_integrity_pack.TestAcceptedStatePromotion" name="test_extracted_action_retains_source_message" time="0.002" /><testcase classname="tests.integration.test_data_integrity_pack.TestSummarySupersession" name="test_briefing_artifacts_accumulate" time="0.002" /><testcase classname="tests.integration.test_data_integrity_pack.TestSummarySupersession" name="test_focus_packs_accumulate" time="0.002" /><testcase classname="tests.integration.test_data_integrity_pack.TestMultiAccountProvenance" name="test_messages_from_different_accounts_stay_distinct" time="0.002" /><testcase classname="tests.integration.test_data_integrity_pack.TestGlobalAutoSendBoundary" name="test_handoff_artifacts_always_block_auto_send" time="0.001" /><testcase classname="tests.integration.test_data_integrity_pack.TestGlobalAutoSendBoundary" name="test_channel_sessions_do_not_bypass_review" time="0.001" /><testcase classname="tests.integration.test_domain_audit.TestAuditMeaningfulStateMutation" name="test_audit_record_persists" time="0.002" /><testcase classname="tests.integration.test_domain_audit.TestAuditMeaningfulStateMutation" name="test_audit_records_state_change" time="0.001" /><testcase classname="tests.integration.test_domain_audit.TestAuditMeaningfulStateMutation" name="test_audit_promotion_from_interpreted_to_accepted" time="0.001" /><testcase classname="tests.integration.test_domain_audit.TestAuditMeaningfulStateMutation" name="test_audit_by_system_actor" time="0.001" /><testcase classname="tests.integration.test_domain_audit.TestAuditMeaningfulStateMutation" name="test_multiple_audits_for_same_entity" time="0.002" /><testcase classname="tests.integration.test_domain_portfolio.TestProjectLifecycle" name="test_create_project_persists" time="0.001" /><testcase classname="tests.integration.test_domain_portfolio.TestProjectLifecycle" name="test_project_fields_persist" time="0.001" /><testcase classname="tests.integration.test_domain_portfolio.TestProjectLifecycle" name="test_project_update_changes_updated_at" time="0.001" /><testcase classname="tests.integration.test_domain_portfolio.TestProjectLifecycle" name="test_project_archive" time="0.001" /><testcase classname="tests.integration.test_domain_portfolio.TestProjectLifecycle" name="test_multiple_projects_persist" time="0.001" /><testcase classname="tests.integration.test_domain_portfolio.TestWorkstreamPersistence" name="test_workstream_belongs_to_project" time="0.002" /><testcase classname="tests.integration.test_domain_portfolio.TestWorkstreamPersistence" name="test_project_has_many_workstreams" time="0.003" /><testcase classname="tests.integration.test_domain_portfolio.TestWorkstreamPersistence" name="test_workstream_fields_persist" time="0.001" /><testcase classname="tests.integration.test_domain_portfolio.TestMilestonePersistence" name="test_milestone_belongs_to_project" time="0.002" /><testcase classname="tests.integration.test_domain_portfolio.TestMilestonePersistence" name="test_project_has_many_milestones" time="0.002" /><testcase classname="tests.integration.test_domain_portfolio.TestMilestonePersistence" name="test_milestone_completion" time="0.001" /><testcase classname="tests.integration.test_domain_portfolio.TestMilestonePersistence" name="test_milestone_fields_persist" time="0.001" /><testcase classname="tests.integration.test_domain_source.TestConnectedAccountProvenance" name="test_create_google_account" time="0.001" /><testcase classname="tests.integration.test_domain_source.TestConnectedAccountProvenance" name="test_create_microsoft_account" time="0.001" /><testcase classname="tests.integration.test_domain_source.TestConnectedAccountProvenance" name="test_multiple_accounts_coexist" time="0.001" /><testcase classname="tests.integration.test_domain_source.TestConnectedAccountProvenance" name="test_account_profile_links_to_account" time="0.003" /><testcase classname="tests.integration.test_domain_source.TestConnectedAccountProvenance" name="test_message_preserves_account_provenance" time="0.001" /><testcase classname="tests.integration.test_domain_source.TestConnectedAccountProvenance" name="test_event_preserves_account_provenance" time="0.001" /><testcase classname="tests.integration.test_domain_source.TestSourceRecordsSeparation" name="test_thread_persists_independently" time="0.001" /><testcase classname="tests.integration.test_domain_source.TestSourceRecordsSeparation" name="test_message_links_to_thread" time="0.002" /><testcase classname="tests.integration.test_domain_source.TestSourceRecordsSeparation" name="test_message_exists_without_thread" time="0.001" /><testcase classname="tests.integration.test_domain_source.TestSourceRecordsSeparation" name="test_calendar_event_persists_separately" time="0.001" /><testcase classname="tests.integration.test_domain_source.TestSourceRecordsSeparation" name="test_imported_signal_persists_separately" time="0.001" /><testcase classname="tests.integration.test_domain_source.TestSourceRecordsSeparation" name="test_imported_signal_without_account" time="0.001" /><testcase classname="tests.integration.test_domain_source.TestSourceRecordsSeparation" name="test_message_full_provenance_chain" time="0.002" /><testcase classname="tests.integration.test_planner_focus.TestFocusPackGeneration" name="test_empty_state_produces_empty_focus_pack" time="0.004" /><testcase classname="tests.integration.test_planner_focus.TestFocusPackGeneration" name="test_work_items_appear_in_focus_pack" time="0.002" /><testcase classname="tests.integration.test_planner_focus.TestFocusPackGeneration" name="test_overdue_item_scores_highest" time="0.002" /><testcase classname="tests.integration.test_planner_focus.TestFocusPackGeneration" name="test_priority_items_have_rationale" time="0.002" /><testcase classname="tests.integration.test_planner_focus.TestFocusPackGeneration" name="test_pending_actions_included" time="0.002" /><testcase classname="tests.integration.test_planner_focus.TestFocusPackPersistence" name="test_focus_pack_persists" time="0.002" /><testcase classname="tests.integration.test_planner_focus.TestFocusPackPersistence" name="test_risk_items_included" time="0.002" /><testcase classname="tests.integration.test_planner_focus.TestFocusPackPersistence" name="test_waiting_on_included" time="0.002" /><testcase classname="tests.integration.test_planner_focus.TestFocusPackPersistence" name="test_project_filter_works" time="0.003" /><testcase classname="tests.integration.test_planner_focus.TestPriorityScoring" name="test_score_work_item_baseline" time="0.001" /><testcase classname="tests.integration.test_planner_focus.TestPriorityScoring" name="test_score_pending_action_with_urgency" time="0.000" /><testcase classname="tests.integration.test_triage_classification.TestProjectClassificationStrongMatch" name="test_strong_name_match" time="0.001" /><testcase classname="tests.integration.test_triage_classification.TestProjectClassificationStrongMatch" name="test_no_projects_returns_no_match" time="0.000" /><testcase classname="tests.integration.test_triage_classification.TestProjectClassificationStrongMatch" name="test_no_matching_content_needs_review" time="0.001" /><testcase classname="tests.integration.test_triage_classification.TestProjectClassificationStrongMatch" name="test_classification_persists" time="0.002" /><testcase classname="tests.integration.test_triage_classification.TestProjectClassificationAmbiguous" name="test_ambiguous_multiple_matches_needs_review" time="0.001" /><testcase classname="tests.integration.test_triage_classification.TestProjectClassificationAmbiguous" name="test_ambiguous_classification_persists_as_pending" time="0.001" /><testcase classname="tests.integration.test_triage_classification.TestStakeholderResolution" name="test_single_match_resolves_cleanly" time="0.002" /><testcase classname="tests.integration.test_triage_classification.TestStakeholderResolution" name="test_unknown_sender_returns_empty" time="0.000" /><testcase classname="tests.integration.test_triage_classification.TestStakeholderResolution" name="test_multiple_matches_needs_review" time="0.001" /><testcase classname="tests.integration.test_triage_classification.TestStakeholderResolution" name="test_named_email_resolves" time="0.001" /><testcase classname="tests.integration.test_triage_classification.TestStakeholderResolution" name="test_no_sender_returns_empty" time="0.000" /><testcase classname="tests.integration.test_triage_intake.TestIntakeRouting" name="test_gmail_message_routes_to_triage" time="0.000" /><testcase classname="tests.integration.test_triage_intake.TestIntakeRouting" name="test_microsoft_message_routes_to_triage" time="0.000" /><testcase classname="tests.integration.test_triage_intake.TestIntakeRouting" name="test_calendar_event_routes_to_triage" time="0.000" /><testcase classname="tests.integration.test_triage_intake.TestIntakeRouting" name="test_imported_signal_routes_to_triage" time="0.000" /><testcase classname="tests.integration.test_triage_intake.TestIntakeRouting" name="test_routing_assigns_workflow_id" time="0.000" /><testcase classname="tests.integration.test_triage_intake.TestIntakeRouting" name="test_routing_assigns_timestamp" time="0.000" /><testcase classname="tests.integration.test_triage_intake.TestIntakeRouting" name="test_compiled_graph_executes" time="0.002" /><testcase classname="tests.integration.test_triage_intake.TestIntakeRouting" name="test_unknown_record_type_defaults_to_triage" time="0.000" /><testcase classname="tests.integration.test_voice_routing.TestVoiceSessionGraph" name="test_graph_compiles" time="0.001" /><testcase classname="tests.integration.test_voice_routing.TestVoiceSessionGraph" name="test_graph_executes_bootstrap_to_end" time="0.002" /><testcase classname="tests.integration.test_voice_routing.TestVoiceSessionGraph" name="test_bootstrap_sets_safety_invariants" time="0.000" /><testcase classname="tests.integration.test_voice_routing.TestVoiceSessionGraph" name="test_route_to_core_with_no_signals" time="0.000" /><testcase classname="tests.integration.test_voice_routing.TestVoiceSessionGraph" name="test_route_to_core_with_signals" time="0.000" /><testcase classname="tests.integration.test_voice_routing.TestVoiceSessionGraph" name="test_check_review_returns_complete_when_no_review" time="0.000" /><testcase classname="tests.integration.test_voice_routing.TestVoiceSessionGraph" name="test_check_review_returns_review_needed" time="0.000" /><testcase classname="tests.integration.test_voice_routing.TestVoiceSessionGraph" name="test_graph_with_review_interrupt" time="0.002" /><testcase classname="tests.integration.test_voice_routing.TestVoiceRouting" name="test_voice_routes_through_intake_graph" time="0.002" /><testcase classname="tests.integration.test_voice_routing.TestVoiceRouting" name="test_voice_routing_always_blocks_auto_send" time="0.002" /></testsuite></testsuites>