<?xml version="1.0" encoding="utf-8"?><testsuites name="pytest tests"><testsuite name="pytest" errors="0" failures="0" skipped="0" tests="5" time="0.232" timestamp="2026-04-14T06:26:04.865636+08:00" hostname="MacBook"><testcase classname="tests.api.test_smoke" name="test_backend_starts" time="0.073" /><testcase classname="tests.api.test_smoke" name="test_database_connectivity" time="0.009" /><testcase classname="tests.api.test_smoke" name="test_database_session_works" time="0.019" /><testcase classname="tests.api.test_smoke" name="test_local_first_defaults_resolve" time="0.000" /><testcase classname="tests.api.test_smoke" name="test_backend_package_structure_exists" time="0.000" /></testsuite></testsuites>